<?xml version="1.0" encoding="UTF-8"?>
<!-- Generated by org.testng.reporters.JUnitReportReporter -->
<testsuite skipped="0" hostname="DESKTOP-7LHMF79" name="page.LoginTest" tests="1" failures="0" timestamp="2020-07-08T17:03:03 CDT" time="9.897" errors="0">
  <testcase name="validUserShouldBeAbleToLogin" time="9.897" classname="page.LoginTest"/>
  <system-out/>
</testsuite> <!-- page.LoginTest -->
