<?xml version="1.0" encoding="UTF-8"?>
<!-- Generated by org.testng.reporters.JUnitReportReporter -->
<testsuite skipped="0" hostname="DESKTOP-7LHMF79" name="test.LoginTest" tests="1" failures="0" timestamp="2020-07-16T11:01:45 CDT" time="6.971" errors="0">
  <testcase name="validUserShouldBeAbleToLogin" time="6.971" classname="test.LoginTest"/>
  <system-out/>
</testsuite> <!-- test.LoginTest -->
